<?xml version="1.0" encoding="UTF-8"?>
<!-- Generated by org.testng.reporters.JUnitXMLReporter -->
<testsuite ignored="0" hostname="Lenovo" failures="0" tests="1" name="Amazon_SignInOrCreateAccountPage_Sanity_Tests" time="0.253" errors="0" timestamp="2024-08-09T13:52:29 IST">
  <testcase classname="com.qa.tests.SignInOrCreateAccountPageTest" name="@BeforeMethod setupPage" time="0.048">
    <failure type="java.lang.NullPointerException" message="Cannot invoke &amp;quot;com.qa.pages.HomePage.openSignInOrCreateAccountPage()&amp;quot; because &amp;quot;this.homePage&amp;quot; is null">
      <![CDATA[java.lang.NullPointerException: Cannot invoke "com.qa.pages.HomePage.openSignInOrCreateAccountPage()" because "this.homePage" is null
at com.qa.tests.SignInOrCreateAccountPageTest.setupPage(SignInOrCreateAccountPageTest.java:17)
at java.base/java.util.ArrayList.forEach(ArrayList.java:1596)
... Removed 29 stack frames]]>
    </failure>
  </testcase> <!-- @BeforeMethod setupPage -->
  <testcase classname="com.qa.tests.SignInOrCreateAccountPageTest" name="isLogoPresentTest" time="0.0">
    <skipped/>
  </testcase> <!-- isLogoPresentTest -->
</testsuite> <!-- Amazon_SignInOrCreateAccountPage_Sanity_Tests -->
