<?xml version="1.0" encoding="UTF-8"?>
<!-- Generated by org.testng.reporters.JUnitXMLReporter -->
<testsuite ignored="0" hostname="Lenovo" failures="0" tests="1" name="Amazon_SignInOrCreateAccountPage_Sanity_Tests" time="0.102" errors="0" timestamp="2024-08-09T15:34:55 IST">
  <testcase classname="com.qa.tests.SignInOrCreateAccountPageTest" name="@BeforeSuite setupPage" time="0.065">
    <failure type="java.lang.NullPointerException" message="Cannot invoke &amp;quot;com.qa.pages.HomePage.openSignInOrCreateAccountPage()&amp;quot; because &amp;quot;this.homePage&amp;quot; is null">
      <![CDATA[java.lang.NullPointerException: Cannot invoke "com.qa.pages.HomePage.openSignInOrCreateAccountPage()" because "this.homePage" is null
at com.qa.tests.SignInOrCreateAccountPageTest.setupPage(SignInOrCreateAccountPageTest.java:21)
... Removed 21 stack frames]]>
    </failure>
  </testcase> <!-- @BeforeSuite setupPage -->
  <testcase classname="com.qa.tests.SignInOrCreateAccountPageTest" name="isLogoPresentTest" time="0.0">
    <skipped/>
  </testcase> <!-- isLogoPresentTest -->
</testsuite> <!-- Amazon_SignInOrCreateAccountPage_Sanity_Tests -->
